Дата вызова функции: 2023-12-18 22:19:10.396199
Имя функции: hello_world
Аргументы: (), именованные аргументы: {}
Возвращаемое значение: Hello World

Дата вызова функции: 2023-12-18 22:19:10.397196
Имя функции: summator
Аргументы: (2, 2), именованные аргументы: {}
Возвращаемое значение: 4

Дата вызова функции: 2023-12-18 22:19:10.398193
Имя функции: div
Аргументы: (6, 2), именованные аргументы: {}
Возвращаемое значение: 3.0

Дата вызова функции: 2023-12-18 22:19:10.398193
Имя функции: summator
Аргументы: (4.3,), именованные аргументы: {'b': 2.2}
Возвращаемое значение: 6.5

Дата вызова функции: 2023-12-18 22:19:10.399190
Имя функции: summator
Аргументы: (), именованные аргументы: {'a': 0, 'b': 0}
Возвращаемое значение: 0

